<?xml version="1.0" encoding="UTF-8"?>
<!-- Generated by org.testng.reporters.JUnitXMLReporter -->
<testsuite hostname="BENCH" ignored="0" name="Default test" tests="3" failures="0" timestamp="2020-08-23T22:52:44 AEST" time="0.097" errors="0">
  <testcase name="method1" time="0.014" classname="mypack.FrameworkanaotationDepends"/>
  <testcase name="method2" time="0.001" classname="mypack.FrameworkanaotationDepends"/>
  <testcase name="method3" time="0.003" classname="mypack.FrameworkanaotationDepends"/>
</testsuite> <!-- Default test -->
