<?xml version="1.0" encoding="UTF-8"?>
<!-- Generated by org.testng.reporters.JUnitXMLReporter -->
<testsuite hostname="BENCH" ignored="0" name="Test3" tests="1" failures="1" timestamp="2020-08-22T21:09:25 AEST" time="4.733" errors="0">
  <testcase name="method2" time="4.698" classname="mypack.FrameworkXMLDataFileExample5Parllel">
    <failure type="java.lang.AssertionError" message="expected [true] but found [false]">
      <![CDATA[java.lang.AssertionError: expected [true] but found [false]
at mypack.FrameworkXMLDataFileExample5Parllel.method2(FrameworkXMLDataFileExample5Parllel.java:50)
at java.util.ArrayList.forEach(Unknown Source)
at java.util.concurrent.FutureTask.run(Unknown Source)
at java.util.concurrent.ThreadPoolExecutor.runWorker(Unknown Source)
at java.util.concurrent.ThreadPoolExecutor$Worker.run(Unknown Source)
at java.lang.Thread.run(Unknown Source)
... Removed 22 stack frames]]>
    </failure>
  </testcase> <!-- method2 -->
</testsuite> <!-- Test3 -->
