<?xml version="1.0" encoding="UTF-8"?>
<!-- Generated by org.testng.reporters.JUnitXMLReporter -->
<testsuite hostname="BENCH" ignored="0" name="Test1" tests="8" failures="4" timestamp="2020-08-22T21:10:04 AEST" time="0.162" errors="0">
  <testcase name="noSadd" time="0.01" classname="mypack.FrameworkanaotationDataToGroups">
    <failure type="java.lang.NumberFormatException" message="For input string: &amp;quot;abdul&amp;quot;">
      <![CDATA[java.lang.NumberFormatException: For input string: "abdul"
at java.lang.NumberFormatException.forInputString(Unknown Source)
at java.lang.Integer.parseInt(Unknown Source)
at java.lang.Integer.parseInt(Unknown Source)
at mypack.FrameworkanaotationDataToGroups.noSadd(FrameworkanaotationDataToGroups.java:56)
at java.util.ArrayList.forEach(Unknown Source)
... Removed 27 stack frames]]>
    </failure>
  </testcase> <!-- noSadd -->
  <testcase name="noSadd" time="0.001" classname="mypack.FrameworkanaotationDataToGroups">
    <failure type="java.lang.NumberFormatException" message="For input string: &amp;quot;dhoni&amp;quot;">
      <![CDATA[java.lang.NumberFormatException: For input string: "dhoni"
at java.lang.NumberFormatException.forInputString(Unknown Source)
at java.lang.Integer.parseInt(Unknown Source)
at java.lang.Integer.parseInt(Unknown Source)
at mypack.FrameworkanaotationDataToGroups.noSadd(FrameworkanaotationDataToGroups.java:56)
at java.util.ArrayList.forEach(Unknown Source)
... Removed 27 stack frames]]>
    </failure>
  </testcase> <!-- noSadd -->
  <testcase name="noSsub" time="0.004" classname="mypack.FrameworkanaotationDataToGroups">
    <failure type="java.lang.NumberFormatException" message="For input string: &amp;quot;abdul&amp;quot;">
      <![CDATA[java.lang.NumberFormatException: For input string: "abdul"
at java.lang.NumberFormatException.forInputString(Unknown Source)
at java.lang.Integer.parseInt(Unknown Source)
at java.lang.Integer.parseInt(Unknown Source)
at mypack.FrameworkanaotationDataToGroups.noSsub(FrameworkanaotationDataToGroups.java:65)
at java.util.ArrayList.forEach(Unknown Source)
... Removed 27 stack frames]]>
    </failure>
  </testcase> <!-- noSsub -->
  <testcase name="noSsub" time="0.001" classname="mypack.FrameworkanaotationDataToGroups">
    <failure type="java.lang.NumberFormatException" message="For input string: &amp;quot;dhoni&amp;quot;">
      <![CDATA[java.lang.NumberFormatException: For input string: "dhoni"
at java.lang.NumberFormatException.forInputString(Unknown Source)
at java.lang.Integer.parseInt(Unknown Source)
at java.lang.Integer.parseInt(Unknown Source)
at mypack.FrameworkanaotationDataToGroups.noSsub(FrameworkanaotationDataToGroups.java:65)
at java.util.ArrayList.forEach(Unknown Source)
... Removed 27 stack frames]]>
    </failure>
  </testcase> <!-- noSsub -->
  <testcase name="stringsconcat1" time="0.002" classname="mypack.FrameworkanaotationDataToGroups"/>
  <testcase name="stringsconcat1" time="0.004" classname="mypack.FrameworkanaotationDataToGroups"/>
  <testcase name="stringsconcat2" time="0.003" classname="mypack.FrameworkanaotationDataToGroups"/>
  <testcase name="stringsconcat2" time="0.002" classname="mypack.FrameworkanaotationDataToGroups"/>
</testsuite> <!-- Test1 -->
