<?xml version="1.0" encoding="UTF-8"?>
<!-- Generated by org.testng.reporters.JUnitXMLReporter -->
<testsuite hostname="BENCH" ignored="2" name="Test2" tests="4" failures="0" timestamp="2020-08-22T21:09:36 AEST" time="0.151" errors="0">
  <testcase name="stringsconcat1" time="0.011" classname="mypack.FrameworkanaotationDataToGroups"/>
  <testcase name="stringsconcat1" time="0.005" classname="mypack.FrameworkanaotationDataToGroups"/>
  <testcase name="stringsconcat2" time="0.027" classname="mypack.FrameworkanaotationDataToGroups"/>
  <testcase name="stringsconcat2" time="0.003" classname="mypack.FrameworkanaotationDataToGroups"/>
  <testcase name="noSsub" time="0.0" classname="mypack.FrameworkanaotationDataToGroups">
    <ignored/>
  </testcase> <!-- noSsub -->
  <testcase name="noSadd" time="0.0" classname="mypack.FrameworkanaotationDataToGroups">
    <ignored/>
  </testcase> <!-- noSadd -->
</testsuite> <!-- Test2 -->
