<?xml version="1.0" encoding="UTF-8"?>
<!-- Generated by org.testng.reporters.JUnitXMLReporter -->
<testsuite hostname="BENCH" ignored="0" name="Test8" tests="1" failures="1" timestamp="2020-08-15T14:40:04 AEST" time="1.195" errors="0">
  <testcase name="method2" time="1.191" classname="mypack.Frameworkexcel2DataFileExample4Param">
    <failure type="java.lang.AssertionError" message="expected [true] but found [false]">
      <![CDATA[java.lang.AssertionError: expected [true] but found [false]
at mypack.Frameworkexcel2DataFileExample4Param.method2(Frameworkexcel2DataFileExample4Param.java:47)
at java.util.ArrayList.forEach(Unknown Source)
... Removed 31 stack frames]]>
    </failure>
  </testcase> <!-- method2 -->
</testsuite> <!-- Test8 -->
