<?xml version="1.0" encoding="UTF-8"?>
<!-- Generated by org.testng.reporters.JUnitXMLReporter -->
<testsuite hostname="BENCH" ignored="0" name="Default test(failed)" tests="2" failures="2" timestamp="2020-08-14T12:47:59 AEST" time="6.391" errors="0">
  <testcase name="method2" time="4.984" classname="mypack.FrameworkDataproviderDataFileExample2">
    <failure type="java.lang.AssertionError" message="expected [true] but found [false]">
      <![CDATA[java.lang.AssertionError: expected [true] but found [false]
at mypack.FrameworkDataproviderDataFileExample2.method2(FrameworkDataproviderDataFileExample2.java:57)
at java.util.ArrayList.forEach(Unknown Source)
... Removed 31 stack frames]]>
    </failure>
  </testcase> <!-- method2 -->
  <testcase name="method2" time="1.289" classname="mypack.FrameworkDataproviderDataFileExample2">
    <failure type="java.lang.AssertionError" message="expected [true] but found [false]">
      <![CDATA[java.lang.AssertionError: expected [true] but found [false]
at mypack.FrameworkDataproviderDataFileExample2.method2(FrameworkDataproviderDataFileExample2.java:57)
at java.util.ArrayList.forEach(Unknown Source)
... Removed 31 stack frames]]>
    </failure>
  </testcase> <!-- method2 -->
</testsuite> <!-- Default test(failed) -->
